[      90ms] ReferenceError: ReactBootstrap is not defined
    at http://localhost:3001/:37:23
[   16181ms] ReferenceError: ReactBootstrap is not defined
    at http://localhost:3001/:37:23
[   25042ms] [ERROR] Warning: Maximum update depth exceeded. This can happen when a component calls setState inside useEffect, but useEffect either doesn't have a dependency array, or one of the dependencies changes on every render.%s 
    at Navigate (http://localhost:3001/backend/static/js/bundle.js:104660:5)
    at RenderedRoute (http://localhost:3001/backend/static/js/bundle.js:104095:5)
    at Routes (http://localhost:3001/backend/static/js/bundle.js:104786:5)
    at Router (http://localhost:3001/backend/static/js/bundle.js:104720:15)
    at BrowserRouter (http://localhost:3001/backend/static/js/bundle.js:102673:5)
    at App @ http://localhost:3001/backend/static/js/bundle.js:62316
[   25079ms] [ERROR] Warning: Maximum update depth exceeded. This can happen when a component calls setState inside useEffect, but useEffect either doesn't have a dependency array, or one of the dependencies changes on every render.%s 
    at Navigate (http://localhost:3001/backend/static/js/bundle.js:104660:5)
    at RenderedRoute (http://localhost:3001/backend/static/js/bundle.js:104095:5)
    at Routes (http://localhost:3001/backend/static/js/bundle.js:104786:5)
    at Router (http://localhost:3001/backend/static/js/bundle.js:104720:15)
    at BrowserRouter (http://localhost:3001/backend/static/js/bundle.js:102673:5)
    at App @ http://localhost:3001/backend/static/js/bundle.js:62316
[   25111ms] [ERROR] Warning: Maximum update depth exceeded. This can happen when a component calls setState inside useEffect, but useEffect either doesn't have a dependency array, or one of the dependencies changes on every render.%s 
    at Navigate (http://localhost:3001/backend/static/js/bundle.js:104660:5)
    at RenderedRoute (http://localhost:3001/backend/static/js/bundle.js:104095:5)
    at Routes (http://localhost:3001/backend/static/js/bundle.js:104786:5)
    at Router (http://localhost:3001/backend/static/js/bundle.js:104720:15)
    at BrowserRouter (http://localhost:3001/backend/static/js/bundle.js:102673:5)
    at App @ http://localhost:3001/backend/static/js/bundle.js:62316
[   25146ms] [ERROR] Warning: Maximum update depth exceeded. This can happen when a component calls setState inside useEffect, but useEffect either doesn't have a dependency array, or one of the dependencies changes on every render.%s 
    at Navigate (http://localhost:3001/backend/static/js/bundle.js:104660:5)
    at RenderedRoute (http://localhost:3001/backend/static/js/bundle.js:104095:5)
    at Routes (http://localhost:3001/backend/static/js/bundle.js:104786:5)
    at Router (http://localhost:3001/backend/static/js/bundle.js:104720:15)
    at BrowserRouter (http://localhost:3001/backend/static/js/bundle.js:102673:5)
    at App @ http://localhost:3001/backend/static/js/bundle.js:62316
[   25178ms] [ERROR] Warning: Maximum update depth exceeded. This can happen when a component calls setState inside useEffect, but useEffect either doesn't have a dependency array, or one of the dependencies changes on every render.%s 
    at Navigate (http://localhost:3001/backend/static/js/bundle.js:104660:5)
    at RenderedRoute (http://localhost:3001/backend/static/js/bundle.js:104095:5)
    at Routes (http://localhost:3001/backend/static/js/bundle.js:104786:5)
    at Router (http://localhost:3001/backend/static/js/bundle.js:104720:15)
    at BrowserRouter (http://localhost:3001/backend/static/js/bundle.js:102673:5)
    at App @ http://localhost:3001/backend/static/js/bundle.js:62316
[   25211ms] [ERROR] Warning: Maximum update depth exceeded. This can happen when a component calls setState inside useEffect, but useEffect either doesn't have a dependency array, or one of the dependencies changes on every render.%s 
    at Navigate (http://localhost:3001/backend/static/js/bundle.js:104660:5)
    at RenderedRoute (http://localhost:3001/backend/static/js/bundle.js:104095:5)
    at Routes (http://localhost:3001/backend/static/js/bundle.js:104786:5)
    at Router (http://localhost:3001/backend/static/js/bundle.js:104720:15)
    at BrowserRouter (http://localhost:3001/backend/static/js/bundle.js:102673:5)
    at App @ http://localhost:3001/backend/static/js/bundle.js:62316
[   25241ms] [ERROR] Warning: Maximum update depth exceeded. This can happen when a component calls setState inside useEffect, but useEffect either doesn't have a dependency array, or one of the dependencies changes on every render.%s 
    at Navigate (http://localhost:3001/backend/static/js/bundle.js:104660:5)
    at RenderedRoute (http://localhost:3001/backend/static/js/bundle.js:104095:5)
    at Routes (http://localhost:3001/backend/static/js/bundle.js:104786:5)
    at Router (http://localhost:3001/backend/static/js/bundle.js:104720:15)
    at BrowserRouter (http://localhost:3001/backend/static/js/bundle.js:102673:5)
    at App @ http://localhost:3001/backend/static/js/bundle.js:62316
[   25275ms] [ERROR] Warning: Maximum update depth exceeded. This can happen when a component calls setState inside useEffect, but useEffect either doesn't have a dependency array, or one of the dependencies changes on every render.%s 
    at Navigate (http://localhost:3001/backend/static/js/bundle.js:104660:5)
    at RenderedRoute (http://localhost:3001/backend/static/js/bundle.js:104095:5)
    at Routes (http://localhost:3001/backend/static/js/bundle.js:104786:5)
    at Router (http://localhost:3001/backend/static/js/bundle.js:104720:15)
    at BrowserRouter (http://localhost:3001/backend/static/js/bundle.js:102673:5)
    at App @ http://localhost:3001/backend/static/js/bundle.js:62316
[   25305ms] [ERROR] Warning: Maximum update depth exceeded. This can happen when a component calls setState inside useEffect, but useEffect either doesn't have a dependency array, or one of the dependencies changes on every render.%s 
    at Navigate (http://localhost:3001/backend/static/js/bundle.js:104660:5)
    at RenderedRoute (http://localhost:3001/backend/static/js/bundle.js:104095:5)
    at Routes (http://localhost:3001/backend/static/js/bundle.js:104786:5)
    at Router (http://localhost:3001/backend/static/js/bundle.js:104720:15)
    at BrowserRouter (http://localhost:3001/backend/static/js/bundle.js:102673:5)
    at App @ http://localhost:3001/backend/static/js/bundle.js:62316
[   25338ms] [ERROR] Warning: Maximum update depth exceeded. This can happen when a component calls setState inside useEffect, but useEffect either doesn't have a dependency array, or one of the dependencies changes on every render.%s 
    at Navigate (http://localhost:3001/backend/static/js/bundle.js:104660:5)
    at RenderedRoute (http://localhost:3001/backend/static/js/bundle.js:104095:5)
    at Routes (http://localhost:3001/backend/static/js/bundle.js:104786:5)
    at Router (http://localhost:3001/backend/static/js/bundle.js:104720:15)
    at BrowserRouter (http://localhost:3001/backend/static/js/bundle.js:102673:5)
    at App @ http://localhost:3001/backend/static/js/bundle.js:62316
[   25375ms] [ERROR] Warning: Maximum update depth exceeded. This can happen when a component calls setState inside useEffect, but useEffect either doesn't have a dependency array, or one of the dependencies changes on every render.%s 
    at Navigate (http://localhost:3001/backend/static/js/bundle.js:104660:5)
    at RenderedRoute (http://localhost:3001/backend/static/js/bundle.js:104095:5)
    at Routes (http://localhost:3001/backend/static/js/bundle.js:104786:5)
    at Router (http://localhost:3001/backend/static/js/bundle.js:104720:15)
    at BrowserRouter (http://localhost:3001/backend/static/js/bundle.js:102673:5)
    at App @ http://localhost:3001/backend/static/js/bundle.js:62316
[   25406ms] [ERROR] Warning: Maximum update depth exceeded. This can happen when a component calls setState inside useEffect, but useEffect either doesn't have a dependency array, or one of the dependencies changes on every render.%s 
    at Navigate (http://localhost:3001/backend/static/js/bundle.js:104660:5)
    at RenderedRoute (http://localhost:3001/backend/static/js/bundle.js:104095:5)
    at Routes (http://localhost:3001/backend/static/js/bundle.js:104786:5)
    at Router (http://localhost:3001/backend/static/js/bundle.js:104720:15)
    at BrowserRouter (http://localhost:3001/backend/static/js/bundle.js:102673:5)
    at App @ http://localhost:3001/backend/static/js/bundle.js:62316
[   25438ms] [ERROR] Warning: Maximum update depth exceeded. This can happen when a component calls setState inside useEffect, but useEffect either doesn't have a dependency array, or one of the dependencies changes on every render.%s 
    at Navigate (http://localhost:3001/backend/static/js/bundle.js:104660:5)
    at RenderedRoute (http://localhost:3001/backend/static/js/bundle.js:104095:5)
    at Routes (http://localhost:3001/backend/static/js/bundle.js:104786:5)
    at Router (http://localhost:3001/backend/static/js/bundle.js:104720:15)
    at BrowserRouter (http://localhost:3001/backend/static/js/bundle.js:102673:5)
    at App @ http://localhost:3001/backend/static/js/bundle.js:62316
[   25467ms] [ERROR] Warning: Maximum update depth exceeded. This can happen when a component calls setState inside useEffect, but useEffect either doesn't have a dependency array, or one of the dependencies changes on every render.%s 
    at Navigate (http://localhost:3001/backend/static/js/bundle.js:104660:5)
    at RenderedRoute (http://localhost:3001/backend/static/js/bundle.js:104095:5)
    at Routes (http://localhost:3001/backend/static/js/bundle.js:104786:5)
    at Router (http://localhost:3001/backend/static/js/bundle.js:104720:15)
    at BrowserRouter (http://localhost:3001/backend/static/js/bundle.js:102673:5)
    at App @ http://localhost:3001/backend/static/js/bundle.js:62316
[   25498ms] [ERROR] Warning: Maximum update depth exceeded. This can happen when a component calls setState inside useEffect, but useEffect either doesn't have a dependency array, or one of the dependencies changes on every render.%s 
    at Navigate (http://localhost:3001/backend/static/js/bundle.js:104660:5)
    at RenderedRoute (http://localhost:3001/backend/static/js/bundle.js:104095:5)
    at Routes (http://localhost:3001/backend/static/js/bundle.js:104786:5)
    at Router (http://localhost:3001/backend/static/js/bundle.js:104720:15)
    at BrowserRouter (http://localhost:3001/backend/static/js/bundle.js:102673:5)
    at App @ http://localhost:3001/backend/static/js/bundle.js:62316
[   25528ms] [ERROR] Warning: Maximum update depth exceeded. This can happen when a component calls setState inside useEffect, but useEffect either doesn't have a dependency array, or one of the dependencies changes on every render.%s 
    at Navigate (http://localhost:3001/backend/static/js/bundle.js:104660:5)
    at RenderedRoute (http://localhost:3001/backend/static/js/bundle.js:104095:5)
    at Routes (http://localhost:3001/backend/static/js/bundle.js:104786:5)
    at Router (http://localhost:3001/backend/static/js/bundle.js:104720:15)
    at BrowserRouter (http://localhost:3001/backend/static/js/bundle.js:102673:5)
    at App @ http://localhost:3001/backend/static/js/bundle.js:62316
[   25556ms] [ERROR] Warning: Maximum update depth exceeded. This can happen when a component calls setState inside useEffect, but useEffect either doesn't have a dependency array, or one of the dependencies changes on every render.%s 
    at Navigate (http://localhost:3001/backend/static/js/bundle.js:104660:5)
    at RenderedRoute (http://localhost:3001/backend/static/js/bundle.js:104095:5)
    at Routes (http://localhost:3001/backend/static/js/bundle.js:104786:5)
    at Router (http://localhost:3001/backend/static/js/bundle.js:104720:15)
    at BrowserRouter (http://localhost:3001/backend/static/js/bundle.js:102673:5)
    at App @ http://localhost:3001/backend/static/js/bundle.js:62316
[   25583ms] [ERROR] Warning: Maximum update depth exceeded. This can happen when a component calls setState inside useEffect, but useEffect either doesn't have a dependency array, or one of the dependencies changes on every render.%s 
    at Navigate (http://localhost:3001/backend/static/js/bundle.js:104660:5)
    at RenderedRoute (http://localhost:3001/backend/static/js/bundle.js:104095:5)
    at Routes (http://localhost:3001/backend/static/js/bundle.js:104786:5)
    at Router (http://localhost:3001/backend/static/js/bundle.js:104720:15)
    at BrowserRouter (http://localhost:3001/backend/static/js/bundle.js:102673:5)
    at App @ http://localhost:3001/backend/static/js/bundle.js:62316
[   25612ms] [ERROR] Warning: Maximum update depth exceeded. This can happen when a component calls setState inside useEffect, but useEffect either doesn't have a dependency array, or one of the dependencies changes on every render.%s 
    at Navigate (http://localhost:3001/backend/static/js/bundle.js:104660:5)
    at RenderedRoute (http://localhost:3001/backend/static/js/bundle.js:104095:5)
    at Routes (http://localhost:3001/backend/static/js/bundle.js:104786:5)
    at Router (http://localhost:3001/backend/static/js/bundle.js:104720:15)
    at BrowserRouter (http://localhost:3001/backend/static/js/bundle.js:102673:5)
    at App @ http://localhost:3001/backend/static/js/bundle.js:62316
[   25640ms] [ERROR] Warning: Maximum update depth exceeded. This can happen when a component calls setState inside useEffect, but useEffect either doesn't have a dependency array, or one of the dependencies changes on every render.%s 
    at Navigate (http://localhost:3001/backend/static/js/bundle.js:104660:5)
    at RenderedRoute (http://localhost:3001/backend/static/js/bundle.js:104095:5)
    at Routes (http://localhost:3001/backend/static/js/bundle.js:104786:5)
    at Router (http://localhost:3001/backend/static/js/bundle.js:104720:15)
    at BrowserRouter (http://localhost:3001/backend/static/js/bundle.js:102673:5)
    at App @ http://localhost:3001/backend/static/js/bundle.js:62316
[   25668ms] [ERROR] Warning: Maximum update depth exceeded. This can happen when a component calls setState inside useEffect, but useEffect either doesn't have a dependency array, or one of the dependencies changes on every render.%s 
    at Navigate (http://localhost:3001/backend/static/js/bundle.js:104660:5)
    at RenderedRoute (http://localhost:3001/backend/static/js/bundle.js:104095:5)
    at Routes (http://localhost:3001/backend/static/js/bundle.js:104786:5)
    at Router (http://localhost:3001/backend/static/js/bundle.js:104720:15)
    at BrowserRouter (http://localhost:3001/backend/static/js/bundle.js:102673:5)
    at App @ http://localhost:3001/backend/static/js/bundle.js:62316
[   25695ms] [ERROR] Warning: Maximum update depth exceeded. This can happen when a component calls setState inside useEffect, but useEffect either doesn't have a dependency array, or one of the dependencies changes on every render.%s 
    at Navigate (http://localhost:3001/backend/static/js/bundle.js:104660:5)
    at RenderedRoute (http://localhost:3001/backend/static/js/bundle.js:104095:5)
    at Routes (http://localhost:3001/backend/static/js/bundle.js:104786:5)
    at Router (http://localhost:3001/backend/static/js/bundle.js:104720:15)
    at BrowserRouter (http://localhost:3001/backend/static/js/bundle.js:102673:5)
    at App @ http://localhost:3001/backend/static/js/bundle.js:62316
[   25724ms] [ERROR] Warning: Maximum update depth exceeded. This can happen when a component calls setState inside useEffect, but useEffect either doesn't have a dependency array, or one of the dependencies changes on every render.%s 
    at Navigate (http://localhost:3001/backend/static/js/bundle.js:104660:5)
    at RenderedRoute (http://localhost:3001/backend/static/js/bundle.js:104095:5)
    at Routes (http://localhost:3001/backend/static/js/bundle.js:104786:5)
    at Router (http://localhost:3001/backend/static/js/bundle.js:104720:15)
    at BrowserRouter (http://localhost:3001/backend/static/js/bundle.js:102673:5)
    at App @ http://localhost:3001/backend/static/js/bundle.js:62316
[   25752ms] [ERROR] Warning: Maximum update depth exceeded. This can happen when a component calls setState inside useEffect, but useEffect either doesn't have a dependency array, or one of the dependencies changes on every render.%s 
    at Navigate (http://localhost:3001/backend/static/js/bundle.js:104660:5)
    at RenderedRoute (http://localhost:3001/backend/static/js/bundle.js:104095:5)
    at Routes (http://localhost:3001/backend/static/js/bundle.js:104786:5)
    at Router (http://localhost:3001/backend/static/js/bundle.js:104720:15)
    at BrowserRouter (http://localhost:3001/backend/static/js/bundle.js:102673:5)
    at App @ http://localhost:3001/backend/static/js/bundle.js:62316
[   25777ms] [ERROR] Warning: Maximum update depth exceeded. This can happen when a component calls setState inside useEffect, but useEffect either doesn't have a dependency array, or one of the dependencies changes on every render.%s 
    at Navigate (http://localhost:3001/backend/static/js/bundle.js:104660:5)
    at RenderedRoute (http://localhost:3001/backend/static/js/bundle.js:104095:5)
    at Routes (http://localhost:3001/backend/static/js/bundle.js:104786:5)
    at Router (http://localhost:3001/backend/static/js/bundle.js:104720:15)
    at BrowserRouter (http://localhost:3001/backend/static/js/bundle.js:102673:5)
    at App @ http://localhost:3001/backend/static/js/bundle.js:62316
[   25805ms] [ERROR] Warning: Maximum update depth exceeded. This can happen when a component calls setState inside useEffect, but useEffect either doesn't have a dependency array, or one of the dependencies changes on every render.%s 
    at Navigate (http://localhost:3001/backend/static/js/bundle.js:104660:5)
    at RenderedRoute (http://localhost:3001/backend/static/js/bundle.js:104095:5)
    at Routes (http://localhost:3001/backend/static/js/bundle.js:104786:5)
    at Router (http://localhost:3001/backend/static/js/bundle.js:104720:15)
    at BrowserRouter (http://localhost:3001/backend/static/js/bundle.js:102673:5)
    at App @ http://localhost:3001/backend/static/js/bundle.js:62316
[   25834ms] [ERROR] Warning: Maximum update depth exceeded. This can happen when a component calls setState inside useEffect, but useEffect either doesn't have a dependency array, or one of the dependencies changes on every render.%s 
    at Navigate (http://localhost:3001/backend/static/js/bundle.js:104660:5)
    at RenderedRoute (http://localhost:3001/backend/static/js/bundle.js:104095:5)
    at Routes (http://localhost:3001/backend/static/js/bundle.js:104786:5)
    at Router (http://localhost:3001/backend/static/js/bundle.js:104720:15)
    at BrowserRouter (http://localhost:3001/backend/static/js/bundle.js:102673:5)
    at App @ http://localhost:3001/backend/static/js/bundle.js:62316
[   25860ms] [ERROR] Warning: Maximum update depth exceeded. This can happen when a component calls setState inside useEffect, but useEffect either doesn't have a dependency array, or one of the dependencies changes on every render.%s 
    at Navigate (http://localhost:3001/backend/static/js/bundle.js:104660:5)
    at RenderedRoute (http://localhost:3001/backend/static/js/bundle.js:104095:5)
    at Routes (http://localhost:3001/backend/static/js/bundle.js:104786:5)
    at Router (http://localhost:3001/backend/static/js/bundle.js:104720:15)
    at BrowserRouter (http://localhost:3001/backend/static/js/bundle.js:102673:5)
    at App @ http://localhost:3001/backend/static/js/bundle.js:62316
[   25889ms] [ERROR] Warning: Maximum update depth exceeded. This can happen when a component calls setState inside useEffect, but useEffect either doesn't have a dependency array, or one of the dependencies changes on every render.%s 
    at Navigate (http://localhost:3001/backend/static/js/bundle.js:104660:5)
    at RenderedRoute (http://localhost:3001/backend/static/js/bundle.js:104095:5)
    at Routes (http://localhost:3001/backend/static/js/bundle.js:104786:5)
    at Router (http://localhost:3001/backend/static/js/bundle.js:104720:15)
    at BrowserRouter (http://localhost:3001/backend/static/js/bundle.js:102673:5)
    at App @ http://localhost:3001/backend/static/js/bundle.js:62316
[   25927ms] [ERROR] Warning: Maximum update depth exceeded. This can happen when a component calls setState inside useEffect, but useEffect either doesn't have a dependency array, or one of the dependencies changes on every render.%s 
    at Navigate (http://localhost:3001/backend/static/js/bundle.js:104660:5)
    at RenderedRoute (http://localhost:3001/backend/static/js/bundle.js:104095:5)
    at Routes (http://localhost:3001/backend/static/js/bundle.js:104786:5)
    at Router (http://localhost:3001/backend/static/js/bundle.js:104720:15)
    at BrowserRouter (http://localhost:3001/backend/static/js/bundle.js:102673:5)
    at App @ http://localhost:3001/backend/static/js/bundle.js:62316
[   25956ms] [ERROR] Warning: Maximum update depth exceeded. This can happen when a component calls setState inside useEffect, but useEffect either doesn't have a dependency array, or one of the dependencies changes on every render.%s 
    at Navigate (http://localhost:3001/backend/static/js/bundle.js:104660:5)
    at RenderedRoute (http://localhost:3001/backend/static/js/bundle.js:104095:5)
    at Routes (http://localhost:3001/backend/static/js/bundle.js:104786:5)
    at Router (http://localhost:3001/backend/static/js/bundle.js:104720:15)
    at BrowserRouter (http://localhost:3001/backend/static/js/bundle.js:102673:5)
    at App @ http://localhost:3001/backend/static/js/bundle.js:62316
[   25985ms] [ERROR] Warning: Maximum update depth exceeded. This can happen when a component calls setState inside useEffect, but useEffect either doesn't have a dependency array, or one of the dependencies changes on every render.%s 
    at Navigate (http://localhost:3001/backend/static/js/bundle.js:104660:5)
    at RenderedRoute (http://localhost:3001/backend/static/js/bundle.js:104095:5)
    at Routes (http://localhost:3001/backend/static/js/bundle.js:104786:5)
    at Router (http://localhost:3001/backend/static/js/bundle.js:104720:15)
    at BrowserRouter (http://localhost:3001/backend/static/js/bundle.js:102673:5)
    at App @ http://localhost:3001/backend/static/js/bundle.js:62316
[   26013ms] [ERROR] Warning: Maximum update depth exceeded. This can happen when a component calls setState inside useEffect, but useEffect either doesn't have a dependency array, or one of the dependencies changes on every render.%s 
    at Navigate (http://localhost:3001/backend/static/js/bundle.js:104660:5)
    at RenderedRoute (http://localhost:3001/backend/static/js/bundle.js:104095:5)
    at Routes (http://localhost:3001/backend/static/js/bundle.js:104786:5)
    at Router (http://localhost:3001/backend/static/js/bundle.js:104720:15)
    at BrowserRouter (http://localhost:3001/backend/static/js/bundle.js:102673:5)
    at App @ http://localhost:3001/backend/static/js/bundle.js:62316
[   26042ms] [ERROR] Warning: Maximum update depth exceeded. This can happen when a component calls setState inside useEffect, but useEffect either doesn't have a dependency array, or one of the dependencies changes on every render.%s 
    at Navigate (http://localhost:3001/backend/static/js/bundle.js:104660:5)
    at RenderedRoute (http://localhost:3001/backend/static/js/bundle.js:104095:5)
    at Routes (http://localhost:3001/backend/static/js/bundle.js:104786:5)
    at Router (http://localhost:3001/backend/static/js/bundle.js:104720:15)
    at BrowserRouter (http://localhost:3001/backend/static/js/bundle.js:102673:5)
    at App @ http://localhost:3001/backend/static/js/bundle.js:62316
[   26070ms] [ERROR] Warning: Maximum update depth exceeded. This can happen when a component calls setState inside useEffect, but useEffect either doesn't have a dependency array, or one of the dependencies changes on every render.%s 
    at Navigate (http://localhost:3001/backend/static/js/bundle.js:104660:5)
    at RenderedRoute (http://localhost:3001/backend/static/js/bundle.js:104095:5)
    at Routes (http://localhost:3001/backend/static/js/bundle.js:104786:5)
    at Router (http://localhost:3001/backend/static/js/bundle.js:104720:15)
    at BrowserRouter (http://localhost:3001/backend/static/js/bundle.js:102673:5)
    at App @ http://localhost:3001/backend/static/js/bundle.js:62316
[   26097ms] [ERROR] Warning: Maximum update depth exceeded. This can happen when a component calls setState inside useEffect, but useEffect either doesn't have a dependency array, or one of the dependencies changes on every render.%s 
    at Navigate (http://localhost:3001/backend/static/js/bundle.js:104660:5)
    at RenderedRoute (http://localhost:3001/backend/static/js/bundle.js:104095:5)
    at Routes (http://localhost:3001/backend/static/js/bundle.js:104786:5)
    at Router (http://localhost:3001/backend/static/js/bundle.js:104720:15)
    at BrowserRouter (http://localhost:3001/backend/static/js/bundle.js:102673:5)
    at App @ http://localhost:3001/backend/static/js/bundle.js:62316
[   26122ms] [ERROR] Warning: Maximum update depth exceeded. This can happen when a component calls setState inside useEffect, but useEffect either doesn't have a dependency array, or one of the dependencies changes on every render.%s 
    at Navigate (http://localhost:3001/backend/static/js/bundle.js:104660:5)
    at RenderedRoute (http://localhost:3001/backend/static/js/bundle.js:104095:5)
    at Routes (http://localhost:3001/backend/static/js/bundle.js:104786:5)
    at Router (http://localhost:3001/backend/static/js/bundle.js:104720:15)
    at BrowserRouter (http://localhost:3001/backend/static/js/bundle.js:102673:5)
    at App @ http://localhost:3001/backend/static/js/bundle.js:62316
[   26148ms] [ERROR] Warning: Maximum update depth exceeded. This can happen when a component calls setState inside useEffect, but useEffect either doesn't have a dependency array, or one of the dependencies changes on every render.%s 
    at Navigate (http://localhost:3001/backend/static/js/bundle.js:104660:5)
    at RenderedRoute (http://localhost:3001/backend/static/js/bundle.js:104095:5)
    at Routes (http://localhost:3001/backend/static/js/bundle.js:104786:5)
    at Router (http://localhost:3001/backend/static/js/bundle.js:104720:15)
    at BrowserRouter (http://localhost:3001/backend/static/js/bundle.js:102673:5)
    at App @ http://localhost:3001/backend/static/js/bundle.js:62316
[   26174ms] [ERROR] Warning: Maximum update depth exceeded. This can happen when a component calls setState inside useEffect, but useEffect either doesn't have a dependency array, or one of the dependencies changes on every render.%s 
    at Navigate (http://localhost:3001/backend/static/js/bundle.js:104660:5)
    at RenderedRoute (http://localhost:3001/backend/static/js/bundle.js:104095:5)
    at Routes (http://localhost:3001/backend/static/js/bundle.js:104786:5)
    at Router (http://localhost:3001/backend/static/js/bundle.js:104720:15)
    at BrowserRouter (http://localhost:3001/backend/static/js/bundle.js:102673:5)
    at App @ http://localhost:3001/backend/static/js/bundle.js:62316
[   26201ms] [ERROR] Warning: Maximum update depth exceeded. This can happen when a component calls setState inside useEffect, but useEffect either doesn't have a dependency array, or one of the dependencies changes on every render.%s 
    at Navigate (http://localhost:3001/backend/static/js/bundle.js:104660:5)
    at RenderedRoute (http://localhost:3001/backend/static/js/bundle.js:104095:5)
    at Routes (http://localhost:3001/backend/static/js/bundle.js:104786:5)
    at Router (http://localhost:3001/backend/static/js/bundle.js:104720:15)
    at BrowserRouter (http://localhost:3001/backend/static/js/bundle.js:102673:5)
    at App @ http://localhost:3001/backend/static/js/bundle.js:62316
[   26226ms] [ERROR] Warning: Maximum update depth exceeded. This can happen when a component calls setState inside useEffect, but useEffect either doesn't have a dependency array, or one of the dependencies changes on every render.%s 
    at Navigate (http://localhost:3001/backend/static/js/bundle.js:104660:5)
    at RenderedRoute (http://localhost:3001/backend/static/js/bundle.js:104095:5)
    at Routes (http://localhost:3001/backend/static/js/bundle.js:104786:5)
    at Router (http://localhost:3001/backend/static/js/bundle.js:104720:15)
    at BrowserRouter (http://localhost:3001/backend/static/js/bundle.js:102673:5)
    at App @ http://localhost:3001/backend/static/js/bundle.js:62316
[   26253ms] [ERROR] Warning: Maximum update depth exceeded. This can happen when a component calls setState inside useEffect, but useEffect either doesn't have a dependency array, or one of the dependencies changes on every render.%s 
    at Navigate (http://localhost:3001/backend/static/js/bundle.js:104660:5)
    at RenderedRoute (http://localhost:3001/backend/static/js/bundle.js:104095:5)
    at Routes (http://localhost:3001/backend/static/js/bundle.js:104786:5)
    at Router (http://localhost:3001/backend/static/js/bundle.js:104720:15)
    at BrowserRouter (http://localhost:3001/backend/static/js/bundle.js:102673:5)
    at App @ http://localhost:3001/backend/static/js/bundle.js:62316
[   26278ms] [ERROR] Warning: Maximum update depth exceeded. This can happen when a component calls setState inside useEffect, but useEffect either doesn't have a dependency array, or one of the dependencies changes on every render.%s 
    at Navigate (http://localhost:3001/backend/static/js/bundle.js:104660:5)
    at RenderedRoute (http://localhost:3001/backend/static/js/bundle.js:104095:5)
    at Routes (http://localhost:3001/backend/static/js/bundle.js:104786:5)
    at Router (http://localhost:3001/backend/static/js/bundle.js:104720:15)
    at BrowserRouter (http://localhost:3001/backend/static/js/bundle.js:102673:5)
    at App @ http://localhost:3001/backend/static/js/bundle.js:62316
[   26304ms] [ERROR] Warning: Maximum update depth exceeded. This can happen when a component calls setState inside useEffect, but useEffect either doesn't have a dependency array, or one of the dependencies changes on every render.%s 
    at Navigate (http://localhost:3001/backend/static/js/bundle.js:104660:5)
    at RenderedRoute (http://localhost:3001/backend/static/js/bundle.js:104095:5)
    at Routes (http://localhost:3001/backend/static/js/bundle.js:104786:5)
    at Router (http://localhost:3001/backend/static/js/bundle.js:104720:15)
    at BrowserRouter (http://localhost:3001/backend/static/js/bundle.js:102673:5)
    at App @ http://localhost:3001/backend/static/js/bundle.js:62316
[   26331ms] [ERROR] Warning: Maximum update depth exceeded. This can happen when a component calls setState inside useEffect, but useEffect either doesn't have a dependency array, or one of the dependencies changes on every render.%s 
    at Navigate (http://localhost:3001/backend/static/js/bundle.js:104660:5)
    at RenderedRoute (http://localhost:3001/backend/static/js/bundle.js:104095:5)
    at Routes (http://localhost:3001/backend/static/js/bundle.js:104786:5)
    at Router (http://localhost:3001/backend/static/js/bundle.js:104720:15)
    at BrowserRouter (http://localhost:3001/backend/static/js/bundle.js:102673:5)
    at App @ http://localhost:3001/backend/static/js/bundle.js:62316
[   26356ms] [ERROR] Warning: Maximum update depth exceeded. This can happen when a component calls setState inside useEffect, but useEffect either doesn't have a dependency array, or one of the dependencies changes on every render.%s 
    at Navigate (http://localhost:3001/backend/static/js/bundle.js:104660:5)
    at RenderedRoute (http://localhost:3001/backend/static/js/bundle.js:104095:5)
    at Routes (http://localhost:3001/backend/static/js/bundle.js:104786:5)
    at Router (http://localhost:3001/backend/static/js/bundle.js:104720:15)
    at BrowserRouter (http://localhost:3001/backend/static/js/bundle.js:102673:5)
    at App @ http://localhost:3001/backend/static/js/bundle.js:62316
[   26382ms] [ERROR] Warning: Maximum update depth exceeded. This can happen when a component calls setState inside useEffect, but useEffect either doesn't have a dependency array, or one of the dependencies changes on every render.%s 
    at Navigate (http://localhost:3001/backend/static/js/bundle.js:104660:5)
    at RenderedRoute (http://localhost:3001/backend/static/js/bundle.js:104095:5)
    at Routes (http://localhost:3001/backend/static/js/bundle.js:104786:5)
    at Router (http://localhost:3001/backend/static/js/bundle.js:104720:15)
    at BrowserRouter (http://localhost:3001/backend/static/js/bundle.js:102673:5)
    at App @ http://localhost:3001/backend/static/js/bundle.js:62316
[   26408ms] [ERROR] Warning: Maximum update depth exceeded. This can happen when a component calls setState inside useEffect, but useEffect either doesn't have a dependency array, or one of the dependencies changes on every render.%s 
    at Navigate (http://localhost:3001/backend/static/js/bundle.js:104660:5)
    at RenderedRoute (http://localhost:3001/backend/static/js/bundle.js:104095:5)
    at Routes (http://localhost:3001/backend/static/js/bundle.js:104786:5)
    at Router (http://localhost:3001/backend/static/js/bundle.js:104720:15)
    at BrowserRouter (http://localhost:3001/backend/static/js/bundle.js:102673:5)
    at App @ http://localhost:3001/backend/static/js/bundle.js:62316
[   26435ms] [ERROR] Warning: Maximum update depth exceeded. This can happen when a component calls setState inside useEffect, but useEffect either doesn't have a dependency array, or one of the dependencies changes on every render.%s 
    at Navigate (http://localhost:3001/backend/static/js/bundle.js:104660:5)
    at RenderedRoute (http://localhost:3001/backend/static/js/bundle.js:104095:5)
    at Routes (http://localhost:3001/backend/static/js/bundle.js:104786:5)
    at Router (http://localhost:3001/backend/static/js/bundle.js:104720:15)
    at BrowserRouter (http://localhost:3001/backend/static/js/bundle.js:102673:5)
    at App @ http://localhost:3001/backend/static/js/bundle.js:62316
[   26460ms] [ERROR] Warning: Maximum update depth exceeded. This can happen when a component calls setState inside useEffect, but useEffect either doesn't have a dependency array, or one of the dependencies changes on every render.%s 
    at Navigate (http://localhost:3001/backend/static/js/bundle.js:104660:5)
    at RenderedRoute (http://localhost:3001/backend/static/js/bundle.js:104095:5)
    at Routes (http://localhost:3001/backend/static/js/bundle.js:104786:5)
    at Router (http://localhost:3001/backend/static/js/bundle.js:104720:15)
    at BrowserRouter (http://localhost:3001/backend/static/js/bundle.js:102673:5)
    at App @ http://localhost:3001/backend/static/js/bundle.js:62316
[   26487ms] [ERROR] Warning: Maximum update depth exceeded. This can happen when a component calls setState inside useEffect, but useEffect either doesn't have a dependency array, or one of the dependencies changes on every render.%s 
    at Navigate (http://localhost:3001/backend/static/js/bundle.js:104660:5)
    at RenderedRoute (http://localhost:3001/backend/static/js/bundle.js:104095:5)
    at Routes (http://localhost:3001/backend/static/js/bundle.js:104786:5)
    at Router (http://localhost:3001/backend/static/js/bundle.js:104720:15)
    at BrowserRouter (http://localhost:3001/backend/static/js/bundle.js:102673:5)
    at App @ http://localhost:3001/backend/static/js/bundle.js:62316
[   26512ms] [ERROR] Warning: Maximum update depth exceeded. This can happen when a component calls setState inside useEffect, but useEffect either doesn't have a dependency array, or one of the dependencies changes on every render.%s 
    at Navigate (http://localhost:3001/backend/static/js/bundle.js:104660:5)
    at RenderedRoute (http://localhost:3001/backend/static/js/bundle.js:104095:5)
    at Routes (http://localhost:3001/backend/static/js/bundle.js:104786:5)
    at Router (http://localhost:3001/backend/static/js/bundle.js:104720:15)
    at BrowserRouter (http://localhost:3001/backend/static/js/bundle.js:102673:5)
    at App @ http://localhost:3001/backend/static/js/bundle.js:62316
[   26539ms] [ERROR] Warning: Maximum update depth exceeded. This can happen when a component calls setState inside useEffect, but useEffect either doesn't have a dependency array, or one of the dependencies changes on every render.%s 
    at Navigate (http://localhost:3001/backend/static/js/bundle.js:104660:5)
    at RenderedRoute (http://localhost:3001/backend/static/js/bundle.js:104095:5)
    at Routes (http://localhost:3001/backend/static/js/bundle.js:104786:5)
    at Router (http://localhost:3001/backend/static/js/bundle.js:104720:15)
    at BrowserRouter (http://localhost:3001/backend/static/js/bundle.js:102673:5)
    at App @ http://localhost:3001/backend/static/js/bundle.js:62316
[   26568ms] [ERROR] Warning: Maximum update depth exceeded. This can happen when a component calls setState inside useEffect, but useEffect either doesn't have a dependency array, or one of the dependencies changes on every render.%s 
    at Navigate (http://localhost:3001/backend/static/js/bundle.js:104660:5)
    at RenderedRoute (http://localhost:3001/backend/static/js/bundle.js:104095:5)
    at Routes (http://localhost:3001/backend/static/js/bundle.js:104786:5)
    at Router (http://localhost:3001/backend/static/js/bundle.js:104720:15)
    at BrowserRouter (http://localhost:3001/backend/static/js/bundle.js:102673:5)
    at App @ http://localhost:3001/backend/static/js/bundle.js:62316
[   26596ms] [ERROR] Warning: Maximum update depth exceeded. This can happen when a component calls setState inside useEffect, but useEffect either doesn't have a dependency array, or one of the dependencies changes on every render.%s 
    at Navigate (http://localhost:3001/backend/static/js/bundle.js:104660:5)
    at RenderedRoute (http://localhost:3001/backend/static/js/bundle.js:104095:5)
    at Routes (http://localhost:3001/backend/static/js/bundle.js:104786:5)
    at Router (http://localhost:3001/backend/static/js/bundle.js:104720:15)
    at BrowserRouter (http://localhost:3001/backend/static/js/bundle.js:102673:5)
    at App @ http://localhost:3001/backend/static/js/bundle.js:62316
[   26629ms] [ERROR] Warning: Maximum update depth exceeded. This can happen when a component calls setState inside useEffect, but useEffect either doesn't have a dependency array, or one of the dependencies changes on every render.%s 
    at Navigate (http://localhost:3001/backend/static/js/bundle.js:104660:5)
    at RenderedRoute (http://localhost:3001/backend/static/js/bundle.js:104095:5)
    at Routes (http://localhost:3001/backend/static/js/bundle.js:104786:5)
    at Router (http://localhost:3001/backend/static/js/bundle.js:104720:15)
    at BrowserRouter (http://localhost:3001/backend/static/js/bundle.js:102673:5)
    at App @ http://localhost:3001/backend/static/js/bundle.js:62316
[   26658ms] [ERROR] Warning: Maximum update depth exceeded. This can happen when a component calls setState inside useEffect, but useEffect either doesn't have a dependency array, or one of the dependencies changes on every render.%s 
    at Navigate (http://localhost:3001/backend/static/js/bundle.js:104660:5)
    at RenderedRoute (http://localhost:3001/backend/static/js/bundle.js:104095:5)
    at Routes (http://localhost:3001/backend/static/js/bundle.js:104786:5)
    at Router (http://localhost:3001/backend/static/js/bundle.js:104720:15)
    at BrowserRouter (http://localhost:3001/backend/static/js/bundle.js:102673:5)
    at App @ http://localhost:3001/backend/static/js/bundle.js:62316
[   26684ms] [ERROR] Warning: Maximum update depth exceeded. This can happen when a component calls setState inside useEffect, but useEffect either doesn't have a dependency array, or one of the dependencies changes on every render.%s 
    at Navigate (http://localhost:3001/backend/static/js/bundle.js:104660:5)
    at RenderedRoute (http://localhost:3001/backend/static/js/bundle.js:104095:5)
    at Routes (http://localhost:3001/backend/static/js/bundle.js:104786:5)
    at Router (http://localhost:3001/backend/static/js/bundle.js:104720:15)
    at BrowserRouter (http://localhost:3001/backend/static/js/bundle.js:102673:5)
    at App @ http://localhost:3001/backend/static/js/bundle.js:62316
[   26710ms] [ERROR] Warning: Maximum update depth exceeded. This can happen when a component calls setState inside useEffect, but useEffect either doesn't have a dependency array, or one of the dependencies changes on every render.%s 
    at Navigate (http://localhost:3001/backend/static/js/bundle.js:104660:5)
    at RenderedRoute (http://localhost:3001/backend/static/js/bundle.js:104095:5)
    at Routes (http://localhost:3001/backend/static/js/bundle.js:104786:5)
    at Router (http://localhost:3001/backend/static/js/bundle.js:104720:15)
    at BrowserRouter (http://localhost:3001/backend/static/js/bundle.js:102673:5)
    at App @ http://localhost:3001/backend/static/js/bundle.js:62316
[   26742ms] [ERROR] Warning: Maximum update depth exceeded. This can happen when a component calls setState inside useEffect, but useEffect either doesn't have a dependency array, or one of the dependencies changes on every render.%s 
    at Navigate (http://localhost:3001/backend/static/js/bundle.js:104660:5)
    at RenderedRoute (http://localhost:3001/backend/static/js/bundle.js:104095:5)
    at Routes (http://localhost:3001/backend/static/js/bundle.js:104786:5)
    at Router (http://localhost:3001/backend/static/js/bundle.js:104720:15)
    at BrowserRouter (http://localhost:3001/backend/static/js/bundle.js:102673:5)
    at App @ http://localhost:3001/backend/static/js/bundle.js:62316
[   26769ms] [ERROR] Warning: Maximum update depth exceeded. This can happen when a component calls setState inside useEffect, but useEffect either doesn't have a dependency array, or one of the dependencies changes on every render.%s 
    at Navigate (http://localhost:3001/backend/static/js/bundle.js:104660:5)
    at RenderedRoute (http://localhost:3001/backend/static/js/bundle.js:104095:5)
    at Routes (http://localhost:3001/backend/static/js/bundle.js:104786:5)
    at Router (http://localhost:3001/backend/static/js/bundle.js:104720:15)
    at BrowserRouter (http://localhost:3001/backend/static/js/bundle.js:102673:5)
    at App @ http://localhost:3001/backend/static/js/bundle.js:62316
[   26796ms] [ERROR] Warning: Maximum update depth exceeded. This can happen when a component calls setState inside useEffect, but useEffect either doesn't have a dependency array, or one of the dependencies changes on every render.%s 
    at Navigate (http://localhost:3001/backend/static/js/bundle.js:104660:5)
    at RenderedRoute (http://localhost:3001/backend/static/js/bundle.js:104095:5)
    at Routes (http://localhost:3001/backend/static/js/bundle.js:104786:5)
    at Router (http://localhost:3001/backend/static/js/bundle.js:104720:15)
    at BrowserRouter (http://localhost:3001/backend/static/js/bundle.js:102673:5)
    at App @ http://localhost:3001/backend/static/js/bundle.js:62316
[   26823ms] [ERROR] Warning: Maximum update depth exceeded. This can happen when a component calls setState inside useEffect, but useEffect either doesn't have a dependency array, or one of the dependencies changes on every render.%s 
    at Navigate (http://localhost:3001/backend/static/js/bundle.js:104660:5)
    at RenderedRoute (http://localhost:3001/backend/static/js/bundle.js:104095:5)
    at Routes (http://localhost:3001/backend/static/js/bundle.js:104786:5)
    at Router (http://localhost:3001/backend/static/js/bundle.js:104720:15)
    at BrowserRouter (http://localhost:3001/backend/static/js/bundle.js:102673:5)
    at App @ http://localhost:3001/backend/static/js/bundle.js:62316
[   26848ms] [ERROR] Warning: Maximum update depth exceeded. This can happen when a component calls setState inside useEffect, but useEffect either doesn't have a dependency array, or one of the dependencies changes on every render.%s 
    at Navigate (http://localhost:3001/backend/static/js/bundle.js:104660:5)
    at RenderedRoute (http://localhost:3001/backend/static/js/bundle.js:104095:5)
    at Routes (http://localhost:3001/backend/static/js/bundle.js:104786:5)
    at Router (http://localhost:3001/backend/static/js/bundle.js:104720:15)
    at BrowserRouter (http://localhost:3001/backend/static/js/bundle.js:102673:5)
    at App @ http://localhost:3001/backend/static/js/bundle.js:62316
[   26874ms] [ERROR] Warning: Maximum update depth exceeded. This can happen when a component calls setState inside useEffect, but useEffect either doesn't have a dependency array, or one of the dependencies changes on every render.%s 
    at Navigate (http://localhost:3001/backend/static/js/bundle.js:104660:5)
    at RenderedRoute (http://localhost:3001/backend/static/js/bundle.js:104095:5)
    at Routes (http://localhost:3001/backend/static/js/bundle.js:104786:5)
    at Router (http://localhost:3001/backend/static/js/bundle.js:104720:15)
    at BrowserRouter (http://localhost:3001/backend/static/js/bundle.js:102673:5)
    at App @ http://localhost:3001/backend/static/js/bundle.js:62316
[   26901ms] [ERROR] Warning: Maximum update depth exceeded. This can happen when a component calls setState inside useEffect, but useEffect either doesn't have a dependency array, or one of the dependencies changes on every render.%s 
    at Navigate (http://localhost:3001/backend/static/js/bundle.js:104660:5)
    at RenderedRoute (http://localhost:3001/backend/static/js/bundle.js:104095:5)
    at Routes (http://localhost:3001/backend/static/js/bundle.js:104786:5)
    at Router (http://localhost:3001/backend/static/js/bundle.js:104720:15)
    at BrowserRouter (http://localhost:3001/backend/static/js/bundle.js:102673:5)
    at App @ http://localhost:3001/backend/static/js/bundle.js:62316
[   26926ms] [ERROR] Warning: Maximum update depth exceeded. This can happen when a component calls setState inside useEffect, but useEffect either doesn't have a dependency array, or one of the dependencies changes on every render.%s 
    at Navigate (http://localhost:3001/backend/static/js/bundle.js:104660:5)
    at RenderedRoute (http://localhost:3001/backend/static/js/bundle.js:104095:5)
    at Routes (http://localhost:3001/backend/static/js/bundle.js:104786:5)
    at Router (http://localhost:3001/backend/static/js/bundle.js:104720:15)
    at BrowserRouter (http://localhost:3001/backend/static/js/bundle.js:102673:5)
    at App @ http://localhost:3001/backend/static/js/bundle.js:62316
[   26954ms] [ERROR] Warning: Maximum update depth exceeded. This can happen when a component calls setState inside useEffect, but useEffect either doesn't have a dependency array, or one of the dependencies changes on every render.%s 
    at Navigate (http://localhost:3001/backend/static/js/bundle.js:104660:5)
    at RenderedRoute (http://localhost:3001/backend/static/js/bundle.js:104095:5)
    at Routes (http://localhost:3001/backend/static/js/bundle.js:104786:5)
    at Router (http://localhost:3001/backend/static/js/bundle.js:104720:15)
    at BrowserRouter (http://localhost:3001/backend/static/js/bundle.js:102673:5)
    at App @ http://localhost:3001/backend/static/js/bundle.js:62316
[   26981ms] [ERROR] Warning: Maximum update depth exceeded. This can happen when a component calls setState inside useEffect, but useEffect either doesn't have a dependency array, or one of the dependencies changes on every render.%s 
    at Navigate (http://localhost:3001/backend/static/js/bundle.js:104660:5)
    at RenderedRoute (http://localhost:3001/backend/static/js/bundle.js:104095:5)
    at Routes (http://localhost:3001/backend/static/js/bundle.js:104786:5)
    at Router (http://localhost:3001/backend/static/js/bundle.js:104720:15)
    at BrowserRouter (http://localhost:3001/backend/static/js/bundle.js:102673:5)
    at App @ http://localhost:3001/backend/static/js/bundle.js:62316
[   27008ms] [ERROR] Warning: Maximum update depth exceeded. This can happen when a component calls setState inside useEffect, but useEffect either doesn't have a dependency array, or one of the dependencies changes on every render.%s 
    at Navigate (http://localhost:3001/backend/static/js/bundle.js:104660:5)
    at RenderedRoute (http://localhost:3001/backend/static/js/bundle.js:104095:5)
    at Routes (http://localhost:3001/backend/static/js/bundle.js:104786:5)
    at Router (http://localhost:3001/backend/static/js/bundle.js:104720:15)
    at BrowserRouter (http://localhost:3001/backend/static/js/bundle.js:102673:5)
    at App @ http://localhost:3001/backend/static/js/bundle.js:62316
[   27032ms] [ERROR] Warning: Maximum update depth exceeded. This can happen when a component calls setState inside useEffect, but useEffect either doesn't have a dependency array, or one of the dependencies changes on every render.%s 
    at Navigate (http://localhost:3001/backend/static/js/bundle.js:104660:5)
    at RenderedRoute (http://localhost:3001/backend/static/js/bundle.js:104095:5)
    at Routes (http://localhost:3001/backend/static/js/bundle.js:104786:5)
    at Router (http://localhost:3001/backend/static/js/bundle.js:104720:15)
    at BrowserRouter (http://localhost:3001/backend/static/js/bundle.js:102673:5)
    at App @ http://localhost:3001/backend/static/js/bundle.js:62316
[   27060ms] [ERROR] Warning: Maximum update depth exceeded. This can happen when a component calls setState inside useEffect, but useEffect either doesn't have a dependency array, or one of the dependencies changes on every render.%s 
    at Navigate (http://localhost:3001/backend/static/js/bundle.js:104660:5)
    at RenderedRoute (http://localhost:3001/backend/static/js/bundle.js:104095:5)
    at Routes (http://localhost:3001/backend/static/js/bundle.js:104786:5)
    at Router (http://localhost:3001/backend/static/js/bundle.js:104720:15)
    at BrowserRouter (http://localhost:3001/backend/static/js/bundle.js:102673:5)
    at App @ http://localhost:3001/backend/static/js/bundle.js:62316
[   27086ms] [ERROR] Warning: Maximum update depth exceeded. This can happen when a component calls setState inside useEffect, but useEffect either doesn't have a dependency array, or one of the dependencies changes on every render.%s 
    at Navigate (http://localhost:3001/backend/static/js/bundle.js:104660:5)
    at RenderedRoute (http://localhost:3001/backend/static/js/bundle.js:104095:5)
    at Routes (http://localhost:3001/backend/static/js/bundle.js:104786:5)
    at Router (http://localhost:3001/backend/static/js/bundle.js:104720:15)
    at BrowserRouter (http://localhost:3001/backend/static/js/bundle.js:102673:5)
    at App @ http://localhost:3001/backend/static/js/bundle.js:62316
[   27110ms] [ERROR] Warning: Maximum update depth exceeded. This can happen when a component calls setState inside useEffect, but useEffect either doesn't have a dependency array, or one of the dependencies changes on every render.%s 
    at Navigate (http://localhost:3001/backend/static/js/bundle.js:104660:5)
    at RenderedRoute (http://localhost:3001/backend/static/js/bundle.js:104095:5)
    at Routes (http://localhost:3001/backend/static/js/bundle.js:104786:5)
    at Router (http://localhost:3001/backend/static/js/bundle.js:104720:15)
    at BrowserRouter (http://localhost:3001/backend/static/js/bundle.js:102673:5)
    at App @ http://localhost:3001/backend/static/js/bundle.js:62316
[   27135ms] [ERROR] Warning: Maximum update depth exceeded. This can happen when a component calls setState inside useEffect, but useEffect either doesn't have a dependency array, or one of the dependencies changes on every render.%s 
    at Navigate (http://localhost:3001/backend/static/js/bundle.js:104660:5)
    at RenderedRoute (http://localhost:3001/backend/static/js/bundle.js:104095:5)
    at Routes (http://localhost:3001/backend/static/js/bundle.js:104786:5)
    at Router (http://localhost:3001/backend/static/js/bundle.js:104720:15)
    at BrowserRouter (http://localhost:3001/backend/static/js/bundle.js:102673:5)
    at App @ http://localhost:3001/backend/static/js/bundle.js:62316
[   27162ms] [ERROR] Warning: Maximum update depth exceeded. This can happen when a component calls setState inside useEffect, but useEffect either doesn't have a dependency array, or one of the dependencies changes on every render.%s 
    at Navigate (http://localhost:3001/backend/static/js/bundle.js:104660:5)
    at RenderedRoute (http://localhost:3001/backend/static/js/bundle.js:104095:5)
    at Routes (http://localhost:3001/backend/static/js/bundle.js:104786:5)
    at Router (http://localhost:3001/backend/static/js/bundle.js:104720:15)
    at BrowserRouter (http://localhost:3001/backend/static/js/bundle.js:102673:5)
    at App @ http://localhost:3001/backend/static/js/bundle.js:62316
[   27189ms] [ERROR] Warning: Maximum update depth exceeded. This can happen when a component calls setState inside useEffect, but useEffect either doesn't have a dependency array, or one of the dependencies changes on every render.%s 
    at Navigate (http://localhost:3001/backend/static/js/bundle.js:104660:5)
    at RenderedRoute (http://localhost:3001/backend/static/js/bundle.js:104095:5)
    at Routes (http://localhost:3001/backend/static/js/bundle.js:104786:5)
    at Router (http://localhost:3001/backend/static/js/bundle.js:104720:15)
    at BrowserRouter (http://localhost:3001/backend/static/js/bundle.js:102673:5)
    at App @ http://localhost:3001/backend/static/js/bundle.js:62316
[   27214ms] [ERROR] Warning: Maximum update depth exceeded. This can happen when a component calls setState inside useEffect, but useEffect either doesn't have a dependency array, or one of the dependencies changes on every render.%s 
    at Navigate (http://localhost:3001/backend/static/js/bundle.js:104660:5)
    at RenderedRoute (http://localhost:3001/backend/static/js/bundle.js:104095:5)
    at Routes (http://localhost:3001/backend/static/js/bundle.js:104786:5)
    at Router (http://localhost:3001/backend/static/js/bundle.js:104720:15)
    at BrowserRouter (http://localhost:3001/backend/static/js/bundle.js:102673:5)
    at App @ http://localhost:3001/backend/static/js/bundle.js:62316
